{
	"provider": {
		"name": "Counter-Strike: Global Offensive",
		"appid": 730,
		"version": 13515,
		"steamid": "76561198009199490",
		"timestamp": 1450304636
	},
	"map": {
		"mode": "competitive",
		"name": "de_mirage",
		"phase": "live",
		"round": 0,
		"team_ct": {
			"score": 0
		},
		"team_t": {
			"score": 0
		}
	},
	"round": {
		"phase": "live"
	},
	"player": {
		"steamid": "76561198009199490",
		"name": "PumA",
		"team": "CT",
		"activity": "playing",
		"state": {
			"health": 100,
			"armor": 100,
			"helmet": true,
			"flashed": 0,
			"smoked": 0,
			"burning": 0,
			"money": 18150,
			"round_kills": 0,
			"round_killhs": 0
		},
		"weapons": {
			"weapon_0": {
				"name": "weapon_knife_m9_bayonet",
				"paintkit": "aq_steel_knife",
				"type": "Knife",
				"state": "active"
			},
			"weapon_1": {
				"name": "weapon_usp_silencer",
				"paintkit": "cu_usp_elegant",
				"type": "Pistol",
				"ammo_clip": 12,
				"ammo_clip_max": 12,
				"ammo_reserve": 12,
				"state": "holstered"
			},
			"weapon_2": {
				"name": "weapon_awp",
				"paintkit": "default",
				"type": "SniperRifle",
				"ammo_clip": 9,
				"ammo_clip_max": 10,
				"ammo_reserve": 16,
				"state": "holstered"
			}
		},
		"match_stats": {
			"kills": 0,
			"assists": 0,
			"deaths": 0,
			"mvps": 0,
			"score": 0
		}
	}
}